🔍 Querying pending games for 2025...
📋 Found 767 games needing detail collection.
[1/767] Crawling 20250310LGLT0 (2025-03-10)...
📡 Fetching BoxScore: https://www.koreabaseball.com/Schedule/GameCenter/Main.aspx?gameId=20250310LGLT0&gameDate=2025-03-10&section=REVIEW
[FETCH] Loading: https://www.koreabaseball.com/Schedule/GameCenter/Main.aspx?gameId=20250310LGLT0&gameDate=2025-03-10
[INFO] Clicked RELAY tab: a:has-text("중계")
[WARN] Wait timeout, parsing available content...
   ✅ Saved 20250310LGLT0
[2/767] Crawling 20250310OBSS0 (2025-03-10)...
📡 Fetching BoxScore: https://www.koreabaseball.com/Schedule/GameCenter/Main.aspx?gameId=20250310OBSS0&gameDate=2025-03-10&section=REVIEW
[FETCH] Loading: https://www.koreabaseball.com/Schedule/GameCenter/Main.aspx?gameId=20250310OBSS0&gameDate=2025-03-10
[INFO] Clicked RELAY tab: a:has-text("중계")
[WARN] Wait timeout, parsing available content...
   ✅ Saved 20250310OBSS0
[3/767] Crawling 20250310HTNC0 (2025-03-10)...
📡 Fetching BoxScore: https://www.koreabaseball.com/Schedule/GameCenter/Main.aspx?gameId=20250310HTNC0&gameDate=2025-03-10&section=REVIEW
[FETCH] Loading: https://www.koreabaseball.com/Schedule/GameCenter/Main.aspx?gameId=20250310HTNC0&gameDate=2025-03-10
[INFO] Clicked RELAY tab: a:has-text("중계")
[WARN] Wait timeout, parsing available content...
   ✅ Saved 20250310HTNC0
[4/767] Crawling 20250310WOKT0 (2025-03-10)...
📡 Fetching BoxScore: https://www.koreabaseball.com/Schedule/GameCenter/Main.aspx?gameId=20250310WOKT0&gameDate=2025-03-10&section=REVIEW
[FETCH] Loading: https://www.koreabaseball.com/Schedule/GameCenter/Main.aspx?gameId=20250310WOKT0&gameDate=2025-03-10
[INFO] Clicked RELAY tab: a:has-text("중계")
[WARN] Wait timeout, parsing available content...
   ✅ Saved 20250310WOKT0
[5/767] Crawling 20250311HHSK0 (2025-03-11)...
📡 Fetching BoxScore: https://www.koreabaseball.com/Schedule/GameCenter/Main.aspx?gameId=20250311HHSK0&gameDate=2025-03-11&section=REVIEW
[FETCH] Loading: https://www.koreabaseball.com/Schedule/GameCenter/Main.aspx?gameId=20250311HHSK0&gameDate=2025-03-11
[INFO] Clicked RELAY tab: a:has-text("중계")
[WARN] Wait timeout, parsing available content...
   ✅ Saved 20250311HHSK0
[6/767] Crawling 20250311LGLT0 (2025-03-11)...
📡 Fetching BoxScore: https://www.koreabaseball.com/Schedule/GameCenter/Main.aspx?gameId=20250311LGLT0&gameDate=2025-03-11&section=REVIEW
[FETCH] Loading: https://www.koreabaseball.com/Schedule/GameCenter/Main.aspx?gameId=20250311LGLT0&gameDate=2025-03-11
[INFO] Clicked RELAY tab: a:has-text("중계")
[WARN] Wait timeout, parsing available content...
   ✅ Saved 20250311LGLT0
[7/767] Crawling 20250311OBSS0 (2025-03-11)...
📡 Fetching BoxScore: https://www.koreabaseball.com/Schedule/GameCenter/Main.aspx?gameId=20250311OBSS0&gameDate=2025-03-11&section=REVIEW
[FETCH] Loading: https://www.koreabaseball.com/Schedule/GameCenter/Main.aspx?gameId=20250311OBSS0&gameDate=2025-03-11
[INFO] Clicked RELAY tab: a:has-text("중계")
[WARN] Wait timeout, parsing available content...
   ✅ Saved 20250311OBSS0
[8/767] Crawling 20250311HTNC0 (2025-03-11)...
📡 Fetching BoxScore: https://www.koreabaseball.com/Schedule/GameCenter/Main.aspx?gameId=20250311HTNC0&gameDate=2025-03-11&section=REVIEW
[FETCH] Loading: https://www.koreabaseball.com/Schedule/GameCenter/Main.aspx?gameId=20250311HTNC0&gameDate=2025-03-11
[INFO] Clicked RELAY tab: a:has-text("중계")
[WARN] Wait timeout, parsing available content...
   ✅ Saved 20250311HTNC0
[9/767] Crawling 20250311WOKT0 (2025-03-11)...
📡 Fetching BoxScore: https://www.koreabaseball.com/Schedule/GameCenter/Main.aspx?gameId=20250311WOKT0&gameDate=2025-03-11&section=REVIEW
[FETCH] Loading: https://www.koreabaseball.com/Schedule/GameCenter/Main.aspx?gameId=20250311WOKT0&gameDate=2025-03-11
[INFO] Clicked RELAY tab: a:has-text("중계")
[WARN] Wait timeout, parsing available content...
   ✅ Saved 20250311WOKT0
[10/767] Crawling 20250313HTOB0 (2025-03-13)...
📡 Fetching BoxScore: https://www.koreabaseball.com/Schedule/GameCenter/Main.aspx?gameId=20250313HTOB0&gameDate=2025-03-13&section=REVIEW
[FETCH] Loading: https://www.koreabaseball.com/Schedule/GameCenter/Main.aspx?gameId=20250313HTOB0&gameDate=2025-03-13
[INFO] Clicked RELAY tab: a:has-text("중계")
[WARN] Wait timeout, parsing available content...
   ✅ Saved 20250313HTOB0
[11/767] Crawling 20250313HHLT0 (2025-03-13)...
📡 Fetching BoxScore: https://www.koreabaseball.com/Schedule/GameCenter/Main.aspx?gameId=20250313HHLT0&gameDate=2025-03-13&section=REVIEW
[FETCH] Loading: https://www.koreabaseball.com/Schedule/GameCenter/Main.aspx?gameId=20250313HHLT0&gameDate=2025-03-13
[INFO] Clicked RELAY tab: a:has-text("중계")
[WARN] Wait timeout, parsing available content...
   ✅ Saved 20250313HHLT0
[12/767] Crawling 20250313LGSS0 (2025-03-13)...
📡 Fetching BoxScore: https://www.koreabaseball.com/Schedule/GameCenter/Main.aspx?gameId=20250313LGSS0&gameDate=2025-03-13&section=REVIEW
[FETCH] Loading: https://www.koreabaseball.com/Schedule/GameCenter/Main.aspx?gameId=20250313LGSS0&gameDate=2025-03-13
[INFO] Clicked RELAY tab: a:has-text("중계")
[WARN] Wait timeout, parsing available content...
   ✅ Saved 20250313LGSS0
[13/767] Crawling 20250313WOSK0 (2025-03-13)...
📡 Fetching BoxScore: https://www.koreabaseball.com/Schedule/GameCenter/Main.aspx?gameId=20250313WOSK0&gameDate=2025-03-13&section=REVIEW
[FETCH] Loading: https://www.koreabaseball.com/Schedule/GameCenter/Main.aspx?gameId=20250313WOSK0&gameDate=2025-03-13
[INFO] Clicked RELAY tab: a:has-text("중계")
[WARN] Wait timeout, parsing available content...
   ✅ Saved 20250313WOSK0
[14/767] Crawling 20250313KTNC0 (2025-03-13)...
📡 Fetching BoxScore: https://www.koreabaseball.com/Schedule/GameCenter/Main.aspx?gameId=20250313KTNC0&gameDate=2025-03-13&section=REVIEW
[FETCH] Loading: https://www.koreabaseball.com/Schedule/GameCenter/Main.aspx?gameId=20250313KTNC0&gameDate=2025-03-13
[INFO] Clicked RELAY tab: a:has-text("중계")
[WARN] Wait timeout, parsing available content...
   ✅ Saved 20250313KTNC0
[15/767] Crawling 20250314HTOB0 (2025-03-14)...
📡 Fetching BoxScore: https://www.koreabaseball.com/Schedule/GameCenter/Main.aspx?gameId=20250314HTOB0&gameDate=2025-03-14&section=REVIEW
[FETCH] Loading: https://www.koreabaseball.com/Schedule/GameCenter/Main.aspx?gameId=20250314HTOB0&gameDate=2025-03-14
[INFO] Clicked RELAY tab: a:has-text("중계")
[WARN] Wait timeout, parsing available content...
   ✅ Saved 20250314HTOB0
[16/767] Crawling 20250314WOSK0 (2025-03-14)...
📡 Fetching BoxScore: https://www.koreabaseball.com/Schedule/GameCenter/Main.aspx?gameId=20250314WOSK0&gameDate=2025-03-14&section=REVIEW
[FETCH] Loading: https://www.koreabaseball.com/Schedule/GameCenter/Main.aspx?gameId=20250314WOSK0&gameDate=2025-03-14
[INFO] Clicked RELAY tab: a:has-text("중계")
[WARN] Wait timeout, parsing available content...
   ✅ Saved 20250314WOSK0
[17/767] Crawling 20250314HHLT0 (2025-03-14)...
📡 Fetching BoxScore: https://www.koreabaseball.com/Schedule/GameCenter/Main.aspx?gameId=20250314HHLT0&gameDate=2025-03-14&section=REVIEW
[FETCH] Loading: https://www.koreabaseball.com/Schedule/GameCenter/Main.aspx?gameId=20250314HHLT0&gameDate=2025-03-14
[INFO] Clicked RELAY tab: a:has-text("중계")
[WARN] Wait timeout, parsing available content...
   ✅ Saved 20250314HHLT0
[18/767] Crawling 20250314LGSS0 (2025-03-14)...
📡 Fetching BoxScore: https://www.koreabaseball.com/Schedule/GameCenter/Main.aspx?gameId=20250314LGSS0&gameDate=2025-03-14&section=REVIEW
[FETCH] Loading: https://www.koreabaseball.com/Schedule/GameCenter/Main.aspx?gameId=20250314LGSS0&gameDate=2025-03-14
[INFO] Clicked RELAY tab: a:has-text("중계")
[WARN] Wait timeout, parsing available content...
   ✅ Saved 20250314LGSS0
[19/767] Crawling 20250314KTNC0 (2025-03-14)...
📡 Fetching BoxScore: https://www.koreabaseball.com/Schedule/GameCenter/Main.aspx?gameId=20250314KTNC0&gameDate=2025-03-14&section=REVIEW
[FETCH] Loading: https://www.koreabaseball.com/Schedule/GameCenter/Main.aspx?gameId=20250314KTNC0&gameDate=2025-03-14
[INFO] Clicked RELAY tab: a:has-text("중계")
