2026-04-21 23:24:07,479 - apscheduler.scheduler - INFO - Adding job tentatively -- it will be properly scheduled when the scheduler starts
2026-04-21 23:24:07,480 - __main__ - INFO - Registered job: crawl_games_regular (Daily 03:00 KST)
2026-04-21 23:24:07,480 - apscheduler.scheduler - INFO - Adding job tentatively -- it will be properly scheduled when the scheduler starts
2026-04-21 23:24:07,480 - __main__ - INFO - Registered job: crawl_futures_profile (Weekly Sunday 05:00 KST)
2026-04-21 23:24:07,480 - apscheduler.scheduler - INFO - Adding job tentatively -- it will be properly scheduled when the scheduler starts
2026-04-21 23:24:07,480 - __main__ - INFO - Registered job: crawl_pregame_refresh (Every 15m, 10:00-23:45 KST)
2026-04-21 23:24:07,480 - apscheduler.scheduler - INFO - Adding job tentatively -- it will be properly scheduled when the scheduler starts
2026-04-21 23:24:07,480 - apscheduler.scheduler - INFO - Adding job tentatively -- it will be properly scheduled when the scheduler starts
2026-04-21 23:24:07,480 - __main__ - INFO - Registered job: crawl_live_refresh (Every 2m, 12:00-23:30 KST)
2026-04-21 23:24:07,480 - __main__ - INFO - Scheduler started successfully
2026-04-21 23:24:07,481 - apscheduler.scheduler - INFO - Added job "Daily Regular Season Games Crawl" to job store "default"
2026-04-21 23:24:07,481 - apscheduler.scheduler - INFO - Added job "Weekly Futures Profile Sync" to job store "default"
2026-04-21 23:24:07,481 - apscheduler.scheduler - INFO - Added job "Pregame Refresh" to job store "default"
2026-04-21 23:24:07,481 - apscheduler.scheduler - INFO - Added job "Live Refresh Day Window" to job store "default"
2026-04-21 23:24:07,481 - apscheduler.scheduler - INFO - Added job "Live Refresh Night Window" to job store "default"
2026-04-21 23:24:07,481 - apscheduler.scheduler - INFO - Scheduler started
2026-04-21 23:26:00,020 - apscheduler.executors.default - INFO - Running job "Live Refresh Night Window (trigger: cron[hour='23', minute='0-30/2'], next run at: 2026-04-21 23:28:00 KST)" (scheduled at 2026-04-21 23:26:00+09:00)
2026-04-21 23:26:00,022 - __main__ - INFO - Running live refresh cycle
2026-04-21 23:26:01,250 - httpx - INFO - HTTP Request: GET https://www.koreabaseball.com/robots.txt "HTTP/1.1 200 OK"
2026-04-21 23:26:04,931 - httpx - INFO - HTTP Request: GET https://api-gw.sports.naver.com/schedule/games/20260421HHLG02026/relay?inning=1 "HTTP/1.1 200 OK"
2026-04-21 23:26:05,091 - httpx - INFO - HTTP Request: GET https://api-gw.sports.naver.com/schedule/games/20260421HHLG02026/relay?inning=2 "HTTP/1.1 200 OK"
2026-04-21 23:26:05,225 - httpx - INFO - HTTP Request: GET https://api-gw.sports.naver.com/schedule/games/20260421HHLG02026/relay?inning=3 "HTTP/1.1 200 OK"
2026-04-21 23:26:05,324 - httpx - INFO - HTTP Request: GET https://api-gw.sports.naver.com/schedule/games/20260421HHLG02026/relay?inning=4 "HTTP/1.1 200 OK"
2026-04-21 23:26:05,573 - httpx - INFO - HTTP Request: GET https://api-gw.sports.naver.com/schedule/games/20260421HHLG02026/relay?inning=5 "HTTP/1.1 200 OK"
2026-04-21 23:26:05,942 - httpx - INFO - HTTP Request: GET https://api-gw.sports.naver.com/schedule/games/20260421HHLG02026/relay?inning=6 "HTTP/1.1 200 OK"
2026-04-21 23:26:06,151 - httpx - INFO - HTTP Request: GET https://api-gw.sports.naver.com/schedule/games/20260421HHLG02026/relay?inning=7 "HTTP/1.1 200 OK"
2026-04-21 23:26:06,416 - httpx - INFO - HTTP Request: GET https://api-gw.sports.naver.com/schedule/games/20260421HHLG02026/relay?inning=8 "HTTP/1.1 200 OK"
2026-04-21 23:26:06,537 - httpx - INFO - HTTP Request: GET https://api-gw.sports.naver.com/schedule/games/20260421HHLG02026/relay?inning=9 "HTTP/1.1 200 OK"
2026-04-21 23:26:06,658 - httpx - INFO - HTTP Request: GET https://api-gw.sports.naver.com/schedule/games/20260421HHLG02026/relay?inning=10 "HTTP/1.1 200 OK"
2026-04-21 23:26:18,363 - httpx - INFO - HTTP Request: GET https://api-gw.sports.naver.com/schedule/games/20260421OBLT02026/relay?inning=1 "HTTP/1.1 200 OK"
2026-04-21 23:26:18,492 - httpx - INFO - HTTP Request: GET https://api-gw.sports.naver.com/schedule/games/20260421OBLT02026/relay?inning=2 "HTTP/1.1 200 OK"
2026-04-21 23:26:18,595 - httpx - INFO - HTTP Request: GET https://api-gw.sports.naver.com/schedule/games/20260421OBLT02026/relay?inning=3 "HTTP/1.1 200 OK"
2026-04-21 23:26:18,705 - httpx - INFO - HTTP Request: GET https://api-gw.sports.naver.com/schedule/games/20260421OBLT02026/relay?inning=4 "HTTP/1.1 200 OK"
2026-04-21 23:26:18,825 - httpx - INFO - HTTP Request: GET https://api-gw.sports.naver.com/schedule/games/20260421OBLT02026/relay?inning=5 "HTTP/1.1 200 OK"
2026-04-21 23:26:18,917 - httpx - INFO - HTTP Request: GET https://api-gw.sports.naver.com/schedule/games/20260421OBLT02026/relay?inning=6 "HTTP/1.1 200 OK"
2026-04-21 23:26:19,130 - httpx - INFO - HTTP Request: GET https://api-gw.sports.naver.com/schedule/games/20260421OBLT02026/relay?inning=7 "HTTP/1.1 200 OK"
2026-04-21 23:26:19,279 - httpx - INFO - HTTP Request: GET https://api-gw.sports.naver.com/schedule/games/20260421OBLT02026/relay?inning=8 "HTTP/1.1 200 OK"
2026-04-21 23:26:19,429 - httpx - INFO - HTTP Request: GET https://api-gw.sports.naver.com/schedule/games/20260421OBLT02026/relay?inning=9 "HTTP/1.1 200 OK"
2026-04-21 23:26:19,562 - httpx - INFO - HTTP Request: GET https://api-gw.sports.naver.com/schedule/games/20260421OBLT02026/relay?inning=10 "HTTP/1.1 200 OK"
2026-04-21 23:26:30,989 - httpx - INFO - HTTP Request: GET https://api-gw.sports.naver.com/schedule/games/20260421SKSS02026/relay?inning=1 "HTTP/1.1 200 OK"
2026-04-21 23:26:31,138 - httpx - INFO - HTTP Request: GET https://api-gw.sports.naver.com/schedule/games/20260421SKSS02026/relay?inning=2 "HTTP/1.1 200 OK"
2026-04-21 23:26:31,287 - httpx - INFO - HTTP Request: GET https://api-gw.sports.naver.com/schedule/games/20260421SKSS02026/relay?inning=3 "HTTP/1.1 200 OK"
2026-04-21 23:26:31,435 - httpx - INFO - HTTP Request: GET https://api-gw.sports.naver.com/schedule/games/20260421SKSS02026/relay?inning=4 "HTTP/1.1 200 OK"
2026-04-21 23:26:31,585 - httpx - INFO - HTTP Request: GET https://api-gw.sports.naver.com/schedule/games/20260421SKSS02026/relay?inning=5 "HTTP/1.1 200 OK"
2026-04-21 23:26:31,715 - httpx - INFO - HTTP Request: GET https://api-gw.sports.naver.com/schedule/games/20260421SKSS02026/relay?inning=6 "HTTP/1.1 200 OK"
2026-04-21 23:26:31,849 - httpx - INFO - HTTP Request: GET https://api-gw.sports.naver.com/schedule/games/20260421SKSS02026/relay?inning=7 "HTTP/1.1 200 OK"
2026-04-21 23:26:31,994 - httpx - INFO - HTTP Request: GET https://api-gw.sports.naver.com/schedule/games/20260421SKSS02026/relay?inning=8 "HTTP/1.1 200 OK"
2026-04-21 23:26:32,118 - httpx - INFO - HTTP Request: GET https://api-gw.sports.naver.com/schedule/games/20260421SKSS02026/relay?inning=9 "HTTP/1.1 200 OK"
2026-04-21 23:26:32,224 - httpx - INFO - HTTP Request: GET https://api-gw.sports.naver.com/schedule/games/20260421SKSS02026/relay?inning=10 "HTTP/1.1 200 OK"
2026-04-21 23:26:32,391 - httpx - INFO - HTTP Request: GET https://api-gw.sports.naver.com/schedule/games/20260421SKSS02026/relay?inning=11 "HTTP/1.1 200 OK"
2026-04-21 23:26:44,608 - httpx - INFO - HTTP Request: GET https://api-gw.sports.naver.com/schedule/games/20260421HTKT02026/relay?inning=1 "HTTP/1.1 200 OK"
2026-04-21 23:26:44,771 - httpx - INFO - HTTP Request: GET https://api-gw.sports.naver.com/schedule/games/20260421HTKT02026/relay?inning=2 "HTTP/1.1 200 OK"
2026-04-21 23:26:44,899 - httpx - INFO - HTTP Request: GET https://api-gw.sports.naver.com/schedule/games/20260421HTKT02026/relay?inning=3 "HTTP/1.1 200 OK"
2026-04-21 23:26:45,101 - httpx - INFO - HTTP Request: GET https://api-gw.sports.naver.com/schedule/games/20260421HTKT02026/relay?inning=4 "HTTP/1.1 200 OK"
2026-04-21 23:26:45,237 - httpx - INFO - HTTP Request: GET https://api-gw.sports.naver.com/schedule/games/20260421HTKT02026/relay?inning=5 "HTTP/1.1 200 OK"
2026-04-21 23:26:45,359 - httpx - INFO - HTTP Request: GET https://api-gw.sports.naver.com/schedule/games/20260421HTKT02026/relay?inning=6 "HTTP/1.1 200 OK"
2026-04-21 23:26:45,570 - httpx - INFO - HTTP Request: GET https://api-gw.sports.naver.com/schedule/games/20260421HTKT02026/relay?inning=7 "HTTP/1.1 200 OK"
2026-04-21 23:26:45,686 - httpx - INFO - HTTP Request: GET https://api-gw.sports.naver.com/schedule/games/20260421HTKT02026/relay?inning=8 "HTTP/1.1 200 OK"
2026-04-21 23:26:45,859 - httpx - INFO - HTTP Request: GET https://api-gw.sports.naver.com/schedule/games/20260421HTKT02026/relay?inning=9 "HTTP/1.1 200 OK"
2026-04-21 23:26:45,954 - httpx - INFO - HTTP Request: GET https://api-gw.sports.naver.com/schedule/games/20260421HTKT02026/relay?inning=10 "HTTP/1.1 200 OK"
2026-04-21 23:26:46,067 - httpx - INFO - HTTP Request: GET https://api-gw.sports.naver.com/schedule/games/20260421HTKT02026/relay?inning=11 "HTTP/1.1 200 OK"
2026-04-21 23:26:46,167 - httpx - INFO - HTTP Request: GET https://api-gw.sports.naver.com/schedule/games/20260421HTKT02026/relay?inning=12 "HTTP/1.1 200 OK"
2026-04-21 23:26:58,294 - httpx - INFO - HTTP Request: GET https://api-gw.sports.naver.com/schedule/games/20260421NCWO02026/relay?inning=1 "HTTP/1.1 200 OK"
2026-04-21 23:26:58,618 - httpx - INFO - HTTP Request: GET https://api-gw.sports.naver.com/schedule/games/20260421NCWO02026/relay?inning=2 "HTTP/1.1 200 OK"
2026-04-21 23:26:58,833 - httpx - INFO - HTTP Request: GET https://api-gw.sports.naver.com/schedule/games/20260421NCWO02026/relay?inning=3 "HTTP/1.1 200 OK"
2026-04-21 23:26:58,958 - httpx - INFO - HTTP Request: GET https://api-gw.sports.naver.com/schedule/games/20260421NCWO02026/relay?inning=4 "HTTP/1.1 200 OK"
2026-04-21 23:26:59,100 - httpx - INFO - HTTP Request: GET https://api-gw.sports.naver.com/schedule/games/20260421NCWO02026/relay?inning=5 "HTTP/1.1 200 OK"
2026-04-21 23:26:59,247 - httpx - INFO - HTTP Request: GET https://api-gw.sports.naver.com/schedule/games/20260421NCWO02026/relay?inning=6 "HTTP/1.1 200 OK"
2026-04-21 23:26:59,389 - httpx - INFO - HTTP Request: GET https://api-gw.sports.naver.com/schedule/games/20260421NCWO02026/relay?inning=7 "HTTP/1.1 200 OK"
2026-04-21 23:26:59,548 - httpx - INFO - HTTP Request: GET https://api-gw.sports.naver.com/schedule/games/20260421NCWO02026/relay?inning=8 "HTTP/1.1 200 OK"
2026-04-21 23:26:59,970 - httpx - INFO - HTTP Request: GET https://api-gw.sports.naver.com/schedule/games/20260421NCWO02026/relay?inning=9 "HTTP/1.1 200 OK"
2026-04-21 23:27:00,079 - httpx - INFO - HTTP Request: GET https://api-gw.sports.naver.com/schedule/games/20260421NCWO02026/relay?inning=10 "HTTP/1.1 200 OK"
2026-04-21 23:27:20,753 - apscheduler.executors.default - INFO - Job "Live Refresh Night Window (trigger: cron[hour='23', minute='0-30/2'], next run at: 2026-04-21 23:28:00 KST)" executed successfully
2026-04-21 23:28:00,004 - apscheduler.executors.default - INFO - Running job "Live Refresh Night Window (trigger: cron[hour='23', minute='0-30/2'], next run at: 2026-04-21 23:30:00 KST)" (scheduled at 2026-04-21 23:28:00+09:00)
2026-04-21 23:28:00,006 - __main__ - INFO - Running live refresh cycle
2026-04-21 23:28:04,839 - httpx - INFO - HTTP Request: GET https://api-gw.sports.naver.com/schedule/games/20260421HHLG02026/relay?inning=1 "HTTP/1.1 200 OK"
2026-04-21 23:28:05,372 - httpx - INFO - HTTP Request: GET https://api-gw.sports.naver.com/schedule/games/20260421HHLG02026/relay?inning=2 "HTTP/1.1 200 OK"
2026-04-21 23:28:05,523 - httpx - INFO - HTTP Request: GET https://api-gw.sports.naver.com/schedule/games/20260421HHLG02026/relay?inning=3 "HTTP/1.1 200 OK"
2026-04-21 23:28:05,670 - httpx - INFO - HTTP Request: GET https://api-gw.sports.naver.com/schedule/games/20260421HHLG02026/relay?inning=4 "HTTP/1.1 200 OK"
2026-04-21 23:28:05,884 - httpx - INFO - HTTP Request: GET https://api-gw.sports.naver.com/schedule/games/20260421HHLG02026/relay?inning=5 "HTTP/1.1 200 OK"
2026-04-21 23:28:06,030 - httpx - INFO - HTTP Request: GET https://api-gw.sports.naver.com/schedule/games/20260421HHLG02026/relay?inning=6 "HTTP/1.1 200 OK"
2026-04-21 23:28:06,231 - httpx - INFO - HTTP Request: GET https://api-gw.sports.naver.com/schedule/games/20260421HHLG02026/relay?inning=7 "HTTP/1.1 200 OK"
2026-04-21 23:28:06,373 - httpx - INFO - HTTP Request: GET https://api-gw.sports.naver.com/schedule/games/20260421HHLG02026/relay?inning=8 "HTTP/1.1 200 OK"
2026-04-21 23:28:06,500 - httpx - INFO - HTTP Request: GET https://api-gw.sports.naver.com/schedule/games/20260421HHLG02026/relay?inning=9 "HTTP/1.1 200 OK"
2026-04-21 23:28:06,611 - httpx - INFO - HTTP Request: GET https://api-gw.sports.naver.com/schedule/games/20260421HHLG02026/relay?inning=10 "HTTP/1.1 200 OK"
2026-04-21 23:28:18,917 - httpx - INFO - HTTP Request: GET https://api-gw.sports.naver.com/schedule/games/20260421OBLT02026/relay?inning=1 "HTTP/1.1 200 OK"
2026-04-21 23:28:19,078 - httpx - INFO - HTTP Request: GET https://api-gw.sports.naver.com/schedule/games/20260421OBLT02026/relay?inning=2 "HTTP/1.1 200 OK"
2026-04-21 23:28:19,199 - httpx - INFO - HTTP Request: GET https://api-gw.sports.naver.com/schedule/games/20260421OBLT02026/relay?inning=3 "HTTP/1.1 200 OK"
2026-04-21 23:28:19,336 - httpx - INFO - HTTP Request: GET https://api-gw.sports.naver.com/schedule/games/20260421OBLT02026/relay?inning=4 "HTTP/1.1 200 OK"
2026-04-21 23:28:19,455 - httpx - INFO - HTTP Request: GET https://api-gw.sports.naver.com/schedule/games/20260421OBLT02026/relay?inning=5 "HTTP/1.1 200 OK"
2026-04-21 23:28:19,572 - httpx - INFO - HTTP Request: GET https://api-gw.sports.naver.com/schedule/games/20260421OBLT02026/relay?inning=6 "HTTP/1.1 200 OK"
2026-04-21 23:28:19,703 - httpx - INFO - HTTP Request: GET https://api-gw.sports.naver.com/schedule/games/20260421OBLT02026/relay?inning=7 "HTTP/1.1 200 OK"
2026-04-21 23:28:19,813 - httpx - INFO - HTTP Request: GET https://api-gw.sports.naver.com/schedule/games/20260421OBLT02026/relay?inning=8 "HTTP/1.1 200 OK"
2026-04-21 23:28:19,949 - httpx - INFO - HTTP Request: GET https://api-gw.sports.naver.com/schedule/games/20260421OBLT02026/relay?inning=9 "HTTP/1.1 200 OK"
2026-04-21 23:28:20,078 - httpx - INFO - HTTP Request: GET https://api-gw.sports.naver.com/schedule/games/20260421OBLT02026/relay?inning=10 "HTTP/1.1 200 OK"
2026-04-21 23:28:31,403 - httpx - INFO - HTTP Request: GET https://api-gw.sports.naver.com/schedule/games/20260421SKSS02026/relay?inning=1 "HTTP/1.1 200 OK"
2026-04-21 23:28:31,544 - httpx - INFO - HTTP Request: GET https://api-gw.sports.naver.com/schedule/games/20260421SKSS02026/relay?inning=2 "HTTP/1.1 200 OK"
2026-04-21 23:28:31,633 - httpx - INFO - HTTP Request: GET https://api-gw.sports.naver.com/schedule/games/20260421SKSS02026/relay?inning=3 "HTTP/1.1 200 OK"
2026-04-21 23:28:31,831 - httpx - INFO - HTTP Request: GET https://api-gw.sports.naver.com/schedule/games/20260421SKSS02026/relay?inning=4 "HTTP/1.1 200 OK"
2026-04-21 23:28:31,962 - httpx - INFO - HTTP Request: GET https://api-gw.sports.naver.com/schedule/games/20260421SKSS02026/relay?inning=5 "HTTP/1.1 200 OK"
2026-04-21 23:28:32,296 - httpx - INFO - HTTP Request: GET https://api-gw.sports.naver.com/schedule/games/20260421SKSS02026/relay?inning=6 "HTTP/1.1 200 OK"
2026-04-21 23:28:32,656 - httpx - INFO - HTTP Request: GET https://api-gw.sports.naver.com/schedule/games/20260421SKSS02026/relay?inning=7 "HTTP/1.1 200 OK"
2026-04-21 23:28:32,824 - httpx - INFO - HTTP Request: GET https://api-gw.sports.naver.com/schedule/games/20260421SKSS02026/relay?inning=8 "HTTP/1.1 200 OK"
2026-04-21 23:28:32,984 - httpx - INFO - HTTP Request: GET https://api-gw.sports.naver.com/schedule/games/20260421SKSS02026/relay?inning=9 "HTTP/1.1 200 OK"
2026-04-21 23:28:33,146 - httpx - INFO - HTTP Request: GET https://api-gw.sports.naver.com/schedule/games/20260421SKSS02026/relay?inning=10 "HTTP/1.1 200 OK"
2026-04-21 23:28:33,292 - httpx - INFO - HTTP Request: GET https://api-gw.sports.naver.com/schedule/games/20260421SKSS02026/relay?inning=11 "HTTP/1.1 200 OK"
2026-04-21 23:28:44,783 - httpx - INFO - HTTP Request: GET https://api-gw.sports.naver.com/schedule/games/20260421HTKT02026/relay?inning=1 "HTTP/1.1 200 OK"
2026-04-21 23:28:44,974 - httpx - INFO - HTTP Request: GET https://api-gw.sports.naver.com/schedule/games/20260421HTKT02026/relay?inning=2 "HTTP/1.1 200 OK"
2026-04-21 23:28:45,106 - httpx - INFO - HTTP Request: GET https://api-gw.sports.naver.com/schedule/games/20260421HTKT02026/relay?inning=3 "HTTP/1.1 200 OK"
2026-04-21 23:28:45,241 - httpx - INFO - HTTP Request: GET https://api-gw.sports.naver.com/schedule/games/20260421HTKT02026/relay?inning=4 "HTTP/1.1 200 OK"
2026-04-21 23:28:45,351 - httpx - INFO - HTTP Request: GET https://api-gw.sports.naver.com/schedule/games/20260421HTKT02026/relay?inning=5 "HTTP/1.1 200 OK"
2026-04-21 23:28:45,465 - httpx - INFO - HTTP Request: GET https://api-gw.sports.naver.com/schedule/games/20260421HTKT02026/relay?inning=6 "HTTP/1.1 200 OK"
2026-04-21 23:28:45,590 - httpx - INFO - HTTP Request: GET https://api-gw.sports.naver.com/schedule/games/20260421HTKT02026/relay?inning=7 "HTTP/1.1 200 OK"
2026-04-21 23:28:45,683 - httpx - INFO - HTTP Request: GET https://api-gw.sports.naver.com/schedule/games/20260421HTKT02026/relay?inning=8 "HTTP/1.1 200 OK"
2026-04-21 23:28:45,862 - httpx - INFO - HTTP Request: GET https://api-gw.sports.naver.com/schedule/games/20260421HTKT02026/relay?inning=9 "HTTP/1.1 200 OK"
2026-04-21 23:28:45,950 - httpx - INFO - HTTP Request: GET https://api-gw.sports.naver.com/schedule/games/20260421HTKT02026/relay?inning=10 "HTTP/1.1 200 OK"
2026-04-21 23:28:46,029 - httpx - INFO - HTTP Request: GET https://api-gw.sports.naver.com/schedule/games/20260421HTKT02026/relay?inning=11 "HTTP/1.1 200 OK"
2026-04-21 23:28:46,122 - httpx - INFO - HTTP Request: GET https://api-gw.sports.naver.com/schedule/games/20260421HTKT02026/relay?inning=12 "HTTP/1.1 200 OK"
2026-04-21 23:28:57,532 - httpx - INFO - HTTP Request: GET https://api-gw.sports.naver.com/schedule/games/20260421NCWO02026/relay?inning=1 "HTTP/1.1 200 OK"
2026-04-21 23:28:57,678 - httpx - INFO - HTTP Request: GET https://api-gw.sports.naver.com/schedule/games/20260421NCWO02026/relay?inning=2 "HTTP/1.1 200 OK"
2026-04-21 23:28:57,854 - httpx - INFO - HTTP Request: GET https://api-gw.sports.naver.com/schedule/games/20260421NCWO02026/relay?inning=3 "HTTP/1.1 200 OK"
2026-04-21 23:28:57,982 - httpx - INFO - HTTP Request: GET https://api-gw.sports.naver.com/schedule/games/20260421NCWO02026/relay?inning=4 "HTTP/1.1 200 OK"
2026-04-21 23:28:58,148 - httpx - INFO - HTTP Request: GET https://api-gw.sports.naver.com/schedule/games/20260421NCWO02026/relay?inning=5 "HTTP/1.1 200 OK"
2026-04-21 23:28:58,296 - httpx - INFO - HTTP Request: GET https://api-gw.sports.naver.com/schedule/games/20260421NCWO02026/relay?inning=6 "HTTP/1.1 200 OK"
2026-04-21 23:28:58,452 - httpx - INFO - HTTP Request: GET https://api-gw.sports.naver.com/schedule/games/20260421NCWO02026/relay?inning=7 "HTTP/1.1 200 OK"
2026-04-21 23:28:58,657 - httpx - INFO - HTTP Request: GET https://api-gw.sports.naver.com/schedule/games/20260421NCWO02026/relay?inning=8 "HTTP/1.1 200 OK"
2026-04-21 23:28:58,854 - httpx - INFO - HTTP Request: GET https://api-gw.sports.naver.com/schedule/games/20260421NCWO02026/relay?inning=9 "HTTP/1.1 200 OK"
2026-04-21 23:28:59,009 - httpx - INFO - HTTP Request: GET https://api-gw.sports.naver.com/schedule/games/20260421NCWO02026/relay?inning=10 "HTTP/1.1 200 OK"

============================================================
 KBO Crawler Scheduler Started
============================================================
 Timezone: Asia/Seoul
 Start Time: 2026-04-21 23:24:07
============================================================

Scheduled Jobs:
  1. Daily Games Crawl: Every day at 03:00 KST
  2. Pregame Refresh: Every 15 minutes, 10:00-23:45 KST
  3. Live Refresh: Every 2 minutes, 12:00-23:30 KST
  4. Futures Profile Sync: Every Sunday at 05:00 KST
============================================================


[2026-04-21 23:26:00] 🚨 Live Crawl Cycle Started
🔍 Crawling schedule for 2026-04 (Series: None)...
[COMPLIANCE] Fetching robots.txt from https://www.koreabaseball.com/robots.txt
[COMPLIANCE] robots.txt loaded successfully.
[NAV] Selecting Series: 1 for 2026-04
[DEBUG] No games found. Page content len: 50705
[DEBUG] 'gameId=' string NOT found in HTML.
[DEBUG] Table Rows Sample: ['데이터가 없습니다.']
[NAV] Selecting Series: 0,9,6 for 2026-04
[NAV] Selecting Series: 3,4,5,7 for 2026-04
[DEBUG] No games found. Page content len: 50728
[DEBUG] 'gameId=' string NOT found in HTML.
[DEBUG] Table Rows Sample: ['데이터가 없습니다.']
✅ Found 130 games
✅ Loaded 260 Win Expectancy entries from /Users/mac/project/KBO_playwright/src/data/win_expectancy.csv
[LIVE] 📝 Synced 136 relay rows for 20260421HHLG0
📡 Navigating to REVIEW: https://www.koreabaseball.com/Schedule/GameCenter/Main.aspx?gameDate=20260421&gameId=20260421HHLG0&section=REVIEW
[LIVE] 📊 Updated scoreboard snapshot for 20260421HHLG0
[LIVE] 📝 Synced 132 relay rows for 20260421OBLT0
📡 Navigating to REVIEW: https://www.koreabaseball.com/Schedule/GameCenter/Main.aspx?gameDate=20260421&gameId=20260421OBLT0&section=REVIEW
[LIVE] 📊 Updated scoreboard snapshot for 20260421OBLT0
[LIVE] 📝 Synced 155 relay rows for 20260421SKSS0
📡 Navigating to REVIEW: https://www.koreabaseball.com/Schedule/GameCenter/Main.aspx?gameDate=20260421&gameId=20260421SKSS0&section=REVIEW
[LIVE] 📊 Updated scoreboard snapshot for 20260421SKSS0
[LIVE] 📝 Synced 155 relay rows for 20260421HTKT0
📡 Navigating to REVIEW: https://www.koreabaseball.com/Schedule/GameCenter/Main.aspx?gameDate=20260421&gameId=20260421HTKT0&section=REVIEW
[LIVE] 📊 Updated scoreboard snapshot for 20260421HTKT0
[LIVE] 📝 Synced 115 relay rows for 20260421NCWO0
📡 Navigating to REVIEW: https://www.koreabaseball.com/Schedule/GameCenter/Main.aspx?gameDate=20260421&gameId=20260421NCWO0&section=REVIEW
[LIVE] 📊 Updated scoreboard snapshot for 20260421NCWO0
🚚 Syncing game (1 rows)...
   Synced 1/1 rows via COPY...
ℹ️  No records for game_id_aliases
🚚 Syncing game_metadata (1 rows)...
   Synced 1/1 rows via COPY...
🚚 Syncing game_inning_scores (24 rows)...
   Synced 24/24 rows via COPY...
🚚 Syncing game_lineups (18 rows)...
   Synced 18/18 rows via COPY...
ℹ️  No records for game_batting_stats
ℹ️  No records for game_pitching_stats
✅ Synced 136 game_play_by_play rows to OCI
🚚 Syncing game_events (136 rows)...
   Synced 136/136 rows via COPY...
🚚 Syncing game_summary (1 rows)...
   Synced 1/1 rows via COPY...
[SYNC] ✅ Synced 20260421HHLG0 to OCI.
🚚 Syncing game (1 rows)...
   Synced 1/1 rows via COPY...
ℹ️  No records for game_id_aliases
🚚 Syncing game_metadata (1 rows)...
   Synced 1/1 rows via COPY...
🚚 Syncing game_inning_scores (24 rows)...
   Synced 24/24 rows via COPY...
🚚 Syncing game_lineups (18 rows)...
   Synced 18/18 rows via COPY...
ℹ️  No records for game_batting_stats
ℹ️  No records for game_pitching_stats
✅ Synced 155 game_play_by_play rows to OCI
🚚 Syncing game_events (155 rows)...
   Synced 155/155 rows via COPY...
🚚 Syncing game_summary (1 rows)...
   Synced 1/1 rows via COPY...
[SYNC] ✅ Synced 20260421HTKT0 to OCI.
🚚 Syncing game (1 rows)...
   Synced 1/1 rows via COPY...
ℹ️  No records for game_id_aliases
🚚 Syncing game_metadata (1 rows)...
   Synced 1/1 rows via COPY...
🚚 Syncing game_inning_scores (24 rows)...
   Synced 24/24 rows via COPY...
🚚 Syncing game_lineups (18 rows)...
   Synced 18/18 rows via COPY...
ℹ️  No records for game_batting_stats
ℹ️  No records for game_pitching_stats
✅ Synced 115 game_play_by_play rows to OCI
🚚 Syncing game_events (115 rows)...
   Synced 115/115 rows via COPY...
🚚 Syncing game_summary (1 rows)...
   Synced 1/1 rows via COPY...
[SYNC] ✅ Synced 20260421NCWO0 to OCI.
🚚 Syncing game (1 rows)...
   Synced 1/1 rows via COPY...
ℹ️  No records for game_id_aliases
🚚 Syncing game_metadata (1 rows)...
   Synced 1/1 rows via COPY...
🚚 Syncing game_inning_scores (24 rows)...
   Synced 24/24 rows via COPY...
🚚 Syncing game_lineups (18 rows)...
   Synced 18/18 rows via COPY...
ℹ️  No records for game_batting_stats
ℹ️  No records for game_pitching_stats
✅ Synced 132 game_play_by_play rows to OCI
🚚 Syncing game_events (132 rows)...
   Synced 132/132 rows via COPY...
🚚 Syncing game_summary (1 rows)...
   Synced 1/1 rows via COPY...
[SYNC] ✅ Synced 20260421OBLT0 to OCI.
🚚 Syncing game (1 rows)...
   Synced 1/1 rows via COPY...
ℹ️  No records for game_id_aliases
🚚 Syncing game_metadata (1 rows)...
   Synced 1/1 rows via COPY...
🚚 Syncing game_inning_scores (24 rows)...
   Synced 24/24 rows via COPY...
🚚 Syncing game_lineups (18 rows)...
   Synced 18/18 rows via COPY...
ℹ️  No records for game_batting_stats
ℹ️  No records for game_pitching_stats
✅ Synced 155 game_play_by_play rows to OCI
🚚 Syncing game_events (155 rows)...
   Synced 155/155 rows via COPY...
🚚 Syncing game_summary (1 rows)...
   Synced 1/1 rows via COPY...
[SYNC] ✅ Synced 20260421SKSS0 to OCI.
[INFO] Live cycle finished. updated=5 manifest=/Users/mac/project/KBO_playwright/data/refresh_manifests/20260421_232711_live.json

[2026-04-21 23:28:00] 🚨 Live Crawl Cycle Started
🔍 Crawling schedule for 2026-04 (Series: None)...
[NAV] Selecting Series: 1 for 2026-04
[DEBUG] No games found. Page content len: 50705
[DEBUG] 'gameId=' string NOT found in HTML.
[DEBUG] Table Rows Sample: ['데이터가 없습니다.']
[NAV] Selecting Series: 0,9,6 for 2026-04
[NAV] Selecting Series: 3,4,5,7 for 2026-04
[DEBUG] No games found. Page content len: 50728
[DEBUG] 'gameId=' string NOT found in HTML.
[DEBUG] Table Rows Sample: ['데이터가 없습니다.']
✅ Found 130 games
✅ Loaded 260 Win Expectancy entries from /Users/mac/project/KBO_playwright/src/data/win_expectancy.csv
[LIVE] 📝 Synced 136 relay rows for 20260421HHLG0
📡 Navigating to REVIEW: https://www.koreabaseball.com/Schedule/GameCenter/Main.aspx?gameDate=20260421&gameId=20260421HHLG0&section=REVIEW
[LIVE] 📊 Updated scoreboard snapshot for 20260421HHLG0
[LIVE] 📝 Synced 132 relay rows for 20260421OBLT0
📡 Navigating to REVIEW: https://www.koreabaseball.com/Schedule/GameCenter/Main.aspx?gameDate=20260421&gameId=20260421OBLT0&section=REVIEW
[LIVE] 📊 Updated scoreboard snapshot for 20260421OBLT0
[LIVE] 📝 Synced 155 relay rows for 20260421SKSS0
📡 Navigating to REVIEW: https://www.koreabaseball.com/Schedule/GameCenter/Main.aspx?gameDate=20260421&gameId=20260421SKSS0&section=REVIEW
[LIVE] 📊 Updated scoreboard snapshot for 20260421SKSS0
[LIVE] 📝 Synced 155 relay rows for 20260421HTKT0
📡 Navigating to REVIEW: https://www.koreabaseball.com/Schedule/GameCenter/Main.aspx?gameDate=20260421&gameId=20260421HTKT0&section=REVIEW
[LIVE] 📊 Updated scoreboard snapshot for 20260421HTKT0
[LIVE] 📝 Synced 115 relay rows for 20260421NCWO0
📡 Navigating to REVIEW: https://www.koreabaseball.com/Schedule/GameCenter/Main.aspx?gameDate=20260421&gameId=20260421NCWO0&section=REVIEW
[LIVE] 📊 Updated scoreboard snapshot for 20260421NCWO0
🚚 Syncing game (1 rows)...
   Synced 1/1 rows via COPY...
ℹ️  No records for game_id_aliases
🚚 Syncing game_metadata (1 rows)...
   Synced 1/1 rows via COPY...
🚚 Syncing game_inning_scores (24 rows)...
   Synced 24/24 rows via COPY...
🚚 Syncing game_lineups (18 rows)...
   Synced 18/18 rows via COPY...
ℹ️  No records for game_batting_stats
2026-04-21 23:29:17,173 - apscheduler.executors.default - INFO - Job "Live Refresh Night Window (trigger: cron[hour='23', minute='0-30/2'], next run at: 2026-04-21 23:30:00 KST)" executed successfully
2026-04-21 23:30:00,017 - apscheduler.executors.default - INFO - Running job "Live Refresh Night Window (trigger: cron[hour='23', minute='0-30/2'], next run at: 2026-04-22 23:00:00 KST)" (scheduled at 2026-04-21 23:30:00+09:00)
2026-04-21 23:30:00,018 - apscheduler.executors.default - INFO - Running job "Pregame Refresh (trigger: cron[hour='10-23', minute='*/15'], next run at: 2026-04-21 23:45:00 KST)" (scheduled at 2026-04-21 23:30:00+09:00)
2026-04-21 23:30:00,018 - __main__ - INFO - Running live refresh cycle
2026-04-21 23:30:00,019 - __main__ - INFO - Running pregame refresh for target_date=20260421
2026-04-21 23:30:00,093 - httpx - INFO - HTTP Request: POST https://www.koreabaseball.com/ws/Main.asmx/GetKboGameList "HTTP/1.1 200 OK"
2026-04-21 23:30:01,174 - httpx - INFO - HTTP Request: POST https://www.koreabaseball.com/ws/Schedule.asmx/GetLineUpAnalysis "HTTP/1.1 200 OK"
2026-04-21 23:30:02,234 - httpx - INFO - HTTP Request: POST https://www.koreabaseball.com/ws/Schedule.asmx/GetLineUpAnalysis "HTTP/1.1 200 OK"
2026-04-21 23:30:03,314 - httpx - INFO - HTTP Request: POST https://www.koreabaseball.com/ws/Schedule.asmx/GetLineUpAnalysis "HTTP/1.1 200 OK"
2026-04-21 23:30:04,372 - httpx - INFO - HTTP Request: POST https://www.koreabaseball.com/ws/Schedule.asmx/GetLineUpAnalysis "HTTP/1.1 200 OK"
2026-04-21 23:30:04,766 - httpx - INFO - HTTP Request: GET https://api-gw.sports.naver.com/schedule/games/20260421HHLG02026/relay?inning=1 "HTTP/1.1 200 OK"
2026-04-21 23:30:04,933 - httpx - INFO - HTTP Request: GET https://api-gw.sports.naver.com/schedule/games/20260421HHLG02026/relay?inning=2 "HTTP/1.1 200 OK"
2026-04-21 23:30:05,085 - httpx - INFO - HTTP Request: GET https://api-gw.sports.naver.com/schedule/games/20260421HHLG02026/relay?inning=3 "HTTP/1.1 200 OK"
2026-04-21 23:30:05,270 - httpx - INFO - HTTP Request: GET https://api-gw.sports.naver.com/schedule/games/20260421HHLG02026/relay?inning=4 "HTTP/1.1 200 OK"
2026-04-21 23:30:05,431 - httpx - INFO - HTTP Request: POST https://www.koreabaseball.com/ws/Schedule.asmx/GetLineUpAnalysis "HTTP/1.1 200 OK"
2026-04-21 23:30:05,472 - httpx - INFO - HTTP Request: GET https://api-gw.sports.naver.com/schedule/games/20260421HHLG02026/relay?inning=5 "HTTP/1.1 200 OK"
2026-04-21 23:30:05,600 - httpx - INFO - HTTP Request: GET https://api-gw.sports.naver.com/schedule/games/20260421HHLG02026/relay?inning=6 "HTTP/1.1 200 OK"
2026-04-21 23:30:05,739 - httpx - INFO - HTTP Request: GET https://api-gw.sports.naver.com/schedule/games/20260421HHLG02026/relay?inning=7 "HTTP/1.1 200 OK"
2026-04-21 23:30:05,872 - httpx - INFO - HTTP Request: GET https://api-gw.sports.naver.com/schedule/games/20260421HHLG02026/relay?inning=8 "HTTP/1.1 200 OK"
2026-04-21 23:30:05,986 - httpx - INFO - HTTP Request: GET https://api-gw.sports.naver.com/schedule/games/20260421HHLG02026/relay?inning=9 "HTTP/1.1 200 OK"
2026-04-21 23:30:06,104 - httpx - INFO - HTTP Request: GET https://api-gw.sports.naver.com/schedule/games/20260421HHLG02026/relay?inning=10 "HTTP/1.1 200 OK"
2026-04-21 23:30:11,250 - __main__ - INFO - Running pregame refresh for target_date=20260422
2026-04-21 23:30:11,304 - httpx - INFO - HTTP Request: POST https://www.koreabaseball.com/ws/Main.asmx/GetKboGameList "HTTP/1.1 200 OK"
2026-04-21 23:30:12,361 - httpx - INFO - HTTP Request: POST https://www.koreabaseball.com/ws/Schedule.asmx/GetLineUpAnalysis "HTTP/1.1 200 OK"
2026-04-21 23:30:13,413 - httpx - INFO - HTTP Request: POST https://www.koreabaseball.com/ws/Schedule.asmx/GetLineUpAnalysis "HTTP/1.1 200 OK"
2026-04-21 23:30:14,472 - httpx - INFO - HTTP Request: POST https://www.koreabaseball.com/ws/Schedule.asmx/GetLineUpAnalysis "HTTP/1.1 200 OK"
2026-04-21 23:30:15,622 - httpx - INFO - HTTP Request: POST https://www.koreabaseball.com/ws/Schedule.asmx/GetLineUpAnalysis "HTTP/1.1 200 OK"
2026-04-21 23:30:16,684 - httpx - INFO - HTTP Request: POST https://www.koreabaseball.com/ws/Schedule.asmx/GetLineUpAnalysis "HTTP/1.1 200 OK"
ℹ️  No records for game_pitching_stats
✅ Synced 136 game_play_by_play rows to OCI
🚚 Syncing game_events (136 rows)...
   Synced 136/136 rows via COPY...
🚚 Syncing game_summary (1 rows)...
   Synced 1/1 rows via COPY...
[SYNC] ✅ Synced 20260421HHLG0 to OCI.
🚚 Syncing game (1 rows)...
   Synced 1/1 rows via COPY...
ℹ️  No records for game_id_aliases
🚚 Syncing game_metadata (1 rows)...
   Synced 1/1 rows via COPY...
🚚 Syncing game_inning_scores (24 rows)...
   Synced 24/24 rows via COPY...
🚚 Syncing game_lineups (18 rows)...
   Synced 18/18 rows via COPY...
ℹ️  No records for game_batting_stats
ℹ️  No records for game_pitching_stats
✅ Synced 155 game_play_by_play rows to OCI
🚚 Syncing game_events (155 rows)...
   Synced 155/155 rows via COPY...
🚚 Syncing game_summary (1 rows)...
   Synced 1/1 rows via COPY...
[SYNC] ✅ Synced 20260421HTKT0 to OCI.
🚚 Syncing game (1 rows)...
   Synced 1/1 rows via COPY...
ℹ️  No records for game_id_aliases
🚚 Syncing game_metadata (1 rows)...
   Synced 1/1 rows via COPY...
🚚 Syncing game_inning_scores (24 rows)...
   Synced 24/24 rows via COPY...
🚚 Syncing game_lineups (18 rows)...
   Synced 18/18 rows via COPY...
ℹ️  No records for game_batting_stats
ℹ️  No records for game_pitching_stats
✅ Synced 115 game_play_by_play rows to OCI
🚚 Syncing game_events (115 rows)...
   Synced 115/115 rows via COPY...
🚚 Syncing game_summary (1 rows)...
   Synced 1/1 rows via COPY...
[SYNC] ✅ Synced 20260421NCWO0 to OCI.
🚚 Syncing game (1 rows)...
   Synced 1/1 rows via COPY...
ℹ️  No records for game_id_aliases
🚚 Syncing game_metadata (1 rows)...
   Synced 1/1 rows via COPY...
🚚 Syncing game_inning_scores (24 rows)...
   Synced 24/24 rows via COPY...
🚚 Syncing game_lineups (18 rows)...
   Synced 18/18 rows via COPY...
ℹ️  No records for game_batting_stats
ℹ️  No records for game_pitching_stats
✅ Synced 132 game_play_by_play rows to OCI
🚚 Syncing game_events (132 rows)...
   Synced 132/132 rows via COPY...
🚚 Syncing game_summary (1 rows)...
   Synced 1/1 rows via COPY...
[SYNC] ✅ Synced 20260421OBLT0 to OCI.
🚚 Syncing game (1 rows)...
   Synced 1/1 rows via COPY...
ℹ️  No records for game_id_aliases
🚚 Syncing game_metadata (1 rows)...
   Synced 1/1 rows via COPY...
🚚 Syncing game_inning_scores (24 rows)...
   Synced 24/24 rows via COPY...
🚚 Syncing game_lineups (18 rows)...
   Synced 18/18 rows via COPY...
ℹ️  No records for game_batting_stats
ℹ️  No records for game_pitching_stats
✅ Synced 155 game_play_by_play rows to OCI
🚚 Syncing game_events (155 rows)...
   Synced 155/155 rows via COPY...
🚚 Syncing game_summary (1 rows)...
   Synced 1/1 rows via COPY...
[SYNC] ✅ Synced 20260421SKSS0 to OCI.
[INFO] Live cycle finished. updated=5 manifest=/Users/mac/project/KBO_playwright/data/refresh_manifests/20260421_232910_live.json

[2026-04-21 23:30:00] 🚨 Live Crawl Cycle Started
🔍 Crawling schedule for 2026-04 (Series: None)...
🚀 Starting Preview Data Batch for 20260421...
🔍 Fetching Pre-game preview data for 20260421...
✅ Preview Extracted: 20260421HHLG0 (Starter: 문동주 vs 송승기) [Lineups: 9 vs 9]
✅ Preview Extracted: 20260421OBLT0 (Starter: 벤자민 vs 나균안) [Lineups: 9 vs 9]
[NAV] Selecting Series: 1 for 2026-04
[DEBUG] No games found. Page content len: 50705
[DEBUG] 'gameId=' string NOT found in HTML.
[DEBUG] Table Rows Sample: ['데이터가 없습니다.']
[NAV] Selecting Series: 0,9,6 for 2026-04
✅ Preview Extracted: 20260421SKSS0 (Starter: 베니지아노 vs 최원태) [Lineups: 9 vs 9]
[NAV] Selecting Series: 3,4,5,7 for 2026-04
✅ Preview Extracted: 20260421HTKT0 (Starter: 김태형 vs 오원석) [Lineups: 9 vs 9]
[DEBUG] No games found. Page content len: 50728
[DEBUG] 'gameId=' string NOT found in HTML.
[DEBUG] Table Rows Sample: ['데이터가 없습니다.']
✅ Found 130 games
✅ Loaded 260 Win Expectancy entries from /Users/mac/project/KBO_playwright/src/data/win_expectancy.csv
✅ Preview Extracted: 20260421NCWO0 (Starter: 버하겐 vs 오석주) [Lineups: 9 vs 9]
📊 Aggregating pregame context for 20260421HHLG0...
📊 Aggregating pregame context for 20260421OBLT0...
📊 Aggregating pregame context for 20260421SKSS0...
📊 Aggregating pregame context for 20260421HTKT0...
📊 Aggregating pregame context for 20260421NCWO0...
🚚 Syncing game (1 rows)...
   Synced 1/1 rows via COPY...
ℹ️  No records for game_id_aliases
🚚 Syncing game_metadata (1 rows)...
   Synced 1/1 rows via COPY...
🚚 Syncing game_inning_scores (24 rows)...
   Synced 24/24 rows via COPY...
🚚 Syncing game_lineups (18 rows)...
[LIVE] 📝 Synced 136 relay rows for 20260421HHLG0
   Synced 18/18 rows via COPY...
ℹ️  No records for game_batting_stats
ℹ️  No records for game_pitching_stats
✅ Synced 136 game_play_by_play rows to OCI
🚚 Syncing game_events (136 rows)...
   Synced 136/136 rows via COPY...
🚚 Syncing game_summary (1 rows)...
📡 Navigating to REVIEW: https://www.koreabaseball.com/Schedule/GameCenter/Main.aspx?gameDate=20260421&gameId=20260421HHLG0&section=REVIEW
   Synced 1/1 rows via COPY...
🚚 Syncing game (1 rows)...
   Synced 1/1 rows via COPY...
ℹ️  No records for game_id_aliases
🚚 Syncing game_metadata (1 rows)...
   Synced 1/1 rows via COPY...
🚚 Syncing game_inning_scores (24 rows)...
   Synced 24/24 rows via COPY...
🚚 Syncing game_lineups (18 rows)...
   Synced 18/18 rows via COPY...
ℹ️  No records for game_batting_stats
ℹ️  No records for game_pitching_stats
✅ Synced 155 game_play_by_play rows to OCI
🚚 Syncing game_events (155 rows)...
   Synced 155/155 rows via COPY...
🚚 Syncing game_summary (1 rows)...
   Synced 1/1 rows via COPY...
🚚 Syncing game (1 rows)...
   Synced 1/1 rows via COPY...
ℹ️  No records for game_id_aliases
🚚 Syncing game_metadata (1 rows)...
   Synced 1/1 rows via COPY...
🚚 Syncing game_inning_scores (24 rows)...
   Synced 24/24 rows via COPY...
🚚 Syncing game_lineups (18 rows)...
   Synced 18/18 rows via COPY...
ℹ️  No records for game_batting_stats
ℹ️  No records for game_pitching_stats
✅ Synced 115 game_play_by_play rows to OCI
🚚 Syncing game_events (115 rows)...
   Synced 115/115 rows via COPY...
🚚 Syncing game_summary (1 rows)...
   Synced 1/1 rows via COPY...
🚚 Syncing game (1 rows)...
   Synced 1/1 rows via COPY...
ℹ️  No records for game_id_aliases
🚚 Syncing game_metadata (1 rows)...
   Synced 1/1 rows via COPY...
🚚 Syncing game_inning_scores (24 rows)...
   Synced 24/24 rows via COPY...
🚚 Syncing game_lineups (18 rows)...
   Synced 18/18 rows via COPY...
ℹ️  No records for game_batting_stats
ℹ️  No records for game_pitching_stats
✅ Synced 132 game_play_by_play rows to OCI
🚚 Syncing game_events (132 rows)...
   Synced 132/132 rows via COPY...
🚚 Syncing game_summary (1 rows)...
   Synced 1/1 rows via COPY...
🚚 Syncing game (1 rows)...
   Synced 1/1 rows via COPY...
ℹ️  No records for game_id_aliases
🚚 Syncing game_metadata (1 rows)...
   Synced 1/1 rows via COPY...
🚚 Syncing game_inning_scores (24 rows)...
   Synced 24/24 rows via COPY...
🚚 Syncing game_lineups (18 rows)...
   Synced 18/18 rows via COPY...
ℹ️  No records for game_batting_stats
ℹ️  No records for game_pitching_stats
✅ Synced 155 game_play_by_play rows to OCI
🚚 Syncing game_events (155 rows)...
   Synced 155/155 rows via COPY...
🚚 Syncing game_summary (1 rows)...
   Synced 1/1 rows via COPY...
✅ Pregame batch finished. saved=5 manifest=/Users/mac/project/KBO_playwright/data/refresh_manifests/20260421_233011_pregame.json
🚀 Starting Preview Data Batch for 20260422...
🔍 Fetching Pre-game preview data for 20260422...
✅ Preview Extracted: 20260422HHLG0 (Starter: 왕옌청 vs 웰스) [Lineups: 9 vs 9]
✅ Preview Extracted: 20260422OBLT0 (Starter: 곽빈 vs 김진욱) [Lineups: 9 vs 9]
✅ Preview Extracted: 20260422SKSS0 (Starter: 최민준 vs 후라도) [Lineups: 9 vs 9]
✅ Preview Extracted: 20260422HTKT0 (Starter: 네일 vs 사우어) [Lineups: 9 vs 9]
2026-04-21 23:30:17,638 - httpx - INFO - HTTP Request: GET https://api-gw.sports.naver.com/schedule/games/20260421OBLT02026/relay?inning=1 "HTTP/1.1 200 OK"
2026-04-21 23:30:17,804 - httpx - INFO - HTTP Request: GET https://api-gw.sports.naver.com/schedule/games/20260421OBLT02026/relay?inning=2 "HTTP/1.1 200 OK"
2026-04-21 23:30:17,956 - httpx - INFO - HTTP Request: GET https://api-gw.sports.naver.com/schedule/games/20260421OBLT02026/relay?inning=3 "HTTP/1.1 200 OK"
2026-04-21 23:30:18,091 - httpx - INFO - HTTP Request: GET https://api-gw.sports.naver.com/schedule/games/20260421OBLT02026/relay?inning=4 "HTTP/1.1 200 OK"
2026-04-21 23:30:18,215 - httpx - INFO - HTTP Request: GET https://api-gw.sports.naver.com/schedule/games/20260421OBLT02026/relay?inning=5 "HTTP/1.1 200 OK"
2026-04-21 23:30:18,358 - httpx - INFO - HTTP Request: GET https://api-gw.sports.naver.com/schedule/games/20260421OBLT02026/relay?inning=6 "HTTP/1.1 200 OK"
2026-04-21 23:30:18,490 - httpx - INFO - HTTP Request: GET https://api-gw.sports.naver.com/schedule/games/20260421OBLT02026/relay?inning=7 "HTTP/1.1 200 OK"
2026-04-21 23:30:18,670 - httpx - INFO - HTTP Request: GET https://api-gw.sports.naver.com/schedule/games/20260421OBLT02026/relay?inning=8 "HTTP/1.1 200 OK"
2026-04-21 23:30:18,820 - httpx - INFO - HTTP Request: GET https://api-gw.sports.naver.com/schedule/games/20260421OBLT02026/relay?inning=9 "HTTP/1.1 200 OK"
2026-04-21 23:30:19,007 - httpx - INFO - HTTP Request: GET https://api-gw.sports.naver.com/schedule/games/20260421OBLT02026/relay?inning=10 "HTTP/1.1 200 OK"
2026-04-21 23:30:20,853 - apscheduler.executors.default - INFO - Job "Pregame Refresh (trigger: cron[hour='10-23', minute='*/15'], next run at: 2026-04-21 23:45:00 KST)" executed successfully
2026-04-21 23:30:29,377 - httpx - INFO - HTTP Request: GET https://api-gw.sports.naver.com/schedule/games/20260421SKSS02026/relay?inning=1 "HTTP/1.1 200 OK"
2026-04-21 23:30:29,522 - httpx - INFO - HTTP Request: GET https://api-gw.sports.naver.com/schedule/games/20260421SKSS02026/relay?inning=2 "HTTP/1.1 200 OK"
2026-04-21 23:30:29,688 - httpx - INFO - HTTP Request: GET https://api-gw.sports.naver.com/schedule/games/20260421SKSS02026/relay?inning=3 "HTTP/1.1 200 OK"
2026-04-21 23:30:29,910 - httpx - INFO - HTTP Request: GET https://api-gw.sports.naver.com/schedule/games/20260421SKSS02026/relay?inning=4 "HTTP/1.1 200 OK"
2026-04-21 23:30:30,039 - httpx - INFO - HTTP Request: GET https://api-gw.sports.naver.com/schedule/games/20260421SKSS02026/relay?inning=5 "HTTP/1.1 200 OK"
2026-04-21 23:30:30,151 - httpx - INFO - HTTP Request: GET https://api-gw.sports.naver.com/schedule/games/20260421SKSS02026/relay?inning=6 "HTTP/1.1 200 OK"
2026-04-21 23:30:30,278 - httpx - INFO - HTTP Request: GET https://api-gw.sports.naver.com/schedule/games/20260421SKSS02026/relay?inning=7 "HTTP/1.1 200 OK"
2026-04-21 23:30:30,408 - httpx - INFO - HTTP Request: GET https://api-gw.sports.naver.com/schedule/games/20260421SKSS02026/relay?inning=8 "HTTP/1.1 200 OK"
2026-04-21 23:30:30,613 - httpx - INFO - HTTP Request: GET https://api-gw.sports.naver.com/schedule/games/20260421SKSS02026/relay?inning=9 "HTTP/1.1 200 OK"
2026-04-21 23:30:30,718 - httpx - INFO - HTTP Request: GET https://api-gw.sports.naver.com/schedule/games/20260421SKSS02026/relay?inning=10 "HTTP/1.1 200 OK"
2026-04-21 23:30:30,867 - httpx - INFO - HTTP Request: GET https://api-gw.sports.naver.com/schedule/games/20260421SKSS02026/relay?inning=11 "HTTP/1.1 200 OK"
2026-04-21 23:30:41,698 - httpx - INFO - HTTP Request: GET https://api-gw.sports.naver.com/schedule/games/20260421HTKT02026/relay?inning=1 "HTTP/1.1 200 OK"
2026-04-21 23:30:41,805 - httpx - INFO - HTTP Request: GET https://api-gw.sports.naver.com/schedule/games/20260421HTKT02026/relay?inning=2 "HTTP/1.1 200 OK"
2026-04-21 23:30:41,927 - httpx - INFO - HTTP Request: GET https://api-gw.sports.naver.com/schedule/games/20260421HTKT02026/relay?inning=3 "HTTP/1.1 200 OK"
2026-04-21 23:30:42,048 - httpx - INFO - HTTP Request: GET https://api-gw.sports.naver.com/schedule/games/20260421HTKT02026/relay?inning=4 "HTTP/1.1 200 OK"
2026-04-21 23:30:42,167 - httpx - INFO - HTTP Request: GET https://api-gw.sports.naver.com/schedule/games/20260421HTKT02026/relay?inning=5 "HTTP/1.1 200 OK"
2026-04-21 23:30:42,309 - httpx - INFO - HTTP Request: GET https://api-gw.sports.naver.com/schedule/games/20260421HTKT02026/relay?inning=6 "HTTP/1.1 200 OK"
2026-04-21 23:30:42,488 - httpx - INFO - HTTP Request: GET https://api-gw.sports.naver.com/schedule/games/20260421HTKT02026/relay?inning=7 "HTTP/1.1 200 OK"
2026-04-21 23:30:42,592 - httpx - INFO - HTTP Request: GET https://api-gw.sports.naver.com/schedule/games/20260421HTKT02026/relay?inning=8 "HTTP/1.1 200 OK"
2026-04-21 23:30:42,824 - httpx - INFO - HTTP Request: GET https://api-gw.sports.naver.com/schedule/games/20260421HTKT02026/relay?inning=9 "HTTP/1.1 200 OK"
2026-04-21 23:30:42,958 - httpx - INFO - HTTP Request: GET https://api-gw.sports.naver.com/schedule/games/20260421HTKT02026/relay?inning=10 "HTTP/1.1 200 OK"
2026-04-21 23:30:43,083 - httpx - INFO - HTTP Request: GET https://api-gw.sports.naver.com/schedule/games/20260421HTKT02026/relay?inning=11 "HTTP/1.1 200 OK"
2026-04-21 23:30:43,201 - httpx - INFO - HTTP Request: GET https://api-gw.sports.naver.com/schedule/games/20260421HTKT02026/relay?inning=12 "HTTP/1.1 200 OK"
2026-04-21 23:30:53,945 - httpx - INFO - HTTP Request: GET https://api-gw.sports.naver.com/schedule/games/20260421NCWO02026/relay?inning=1 "HTTP/1.1 200 OK"
2026-04-21 23:30:54,071 - httpx - INFO - HTTP Request: GET https://api-gw.sports.naver.com/schedule/games/20260421NCWO02026/relay?inning=2 "HTTP/1.1 200 OK"
2026-04-21 23:30:54,284 - httpx - INFO - HTTP Request: GET https://api-gw.sports.naver.com/schedule/games/20260421NCWO02026/relay?inning=3 "HTTP/1.1 200 OK"
2026-04-21 23:30:54,449 - httpx - INFO - HTTP Request: GET https://api-gw.sports.naver.com/schedule/games/20260421NCWO02026/relay?inning=4 "HTTP/1.1 200 OK"
2026-04-21 23:30:54,549 - httpx - INFO - HTTP Request: GET https://api-gw.sports.naver.com/schedule/games/20260421NCWO02026/relay?inning=5 "HTTP/1.1 200 OK"
2026-04-21 23:30:54,678 - httpx - INFO - HTTP Request: GET https://api-gw.sports.naver.com/schedule/games/20260421NCWO02026/relay?inning=6 "HTTP/1.1 200 OK"
2026-04-21 23:30:54,803 - httpx - INFO - HTTP Request: GET https://api-gw.sports.naver.com/schedule/games/20260421NCWO02026/relay?inning=7 "HTTP/1.1 200 OK"
2026-04-21 23:30:54,938 - httpx - INFO - HTTP Request: GET https://api-gw.sports.naver.com/schedule/games/20260421NCWO02026/relay?inning=8 "HTTP/1.1 200 OK"
2026-04-21 23:30:55,026 - httpx - INFO - HTTP Request: GET https://api-gw.sports.naver.com/schedule/games/20260421NCWO02026/relay?inning=9 "HTTP/1.1 200 OK"
2026-04-21 23:30:55,140 - httpx - INFO - HTTP Request: GET https://api-gw.sports.naver.com/schedule/games/20260421NCWO02026/relay?inning=10 "HTTP/1.1 200 OK"
2026-04-21 23:31:11,997 - apscheduler.executors.default - INFO - Job "Live Refresh Night Window (trigger: cron[hour='23', minute='0-30/2'], next run at: 2026-04-22 23:00:00 KST)" executed successfully
2026-04-21 23:45:00,046 - apscheduler.executors.default - INFO - Running job "Pregame Refresh (trigger: cron[hour='10-23', minute='*/15'], next run at: 2026-04-22 10:00:00 KST)" (scheduled at 2026-04-21 23:45:00+09:00)
2026-04-21 23:45:00,069 - __main__ - INFO - Running pregame refresh for target_date=20260421
2026-04-21 23:45:00,214 - httpx - INFO - HTTP Request: POST https://www.koreabaseball.com/ws/Main.asmx/GetKboGameList "HTTP/1.1 200 OK"
2026-04-21 23:45:01,280 - httpx - INFO - HTTP Request: POST https://www.koreabaseball.com/ws/Schedule.asmx/GetLineUpAnalysis "HTTP/1.1 200 OK"
2026-04-21 23:45:02,332 - httpx - INFO - HTTP Request: POST https://www.koreabaseball.com/ws/Schedule.asmx/GetLineUpAnalysis "HTTP/1.1 200 OK"
2026-04-21 23:45:03,395 - httpx - INFO - HTTP Request: POST https://www.koreabaseball.com/ws/Schedule.asmx/GetLineUpAnalysis "HTTP/1.1 200 OK"
2026-04-21 23:45:04,453 - httpx - INFO - HTTP Request: POST https://www.koreabaseball.com/ws/Schedule.asmx/GetLineUpAnalysis "HTTP/1.1 200 OK"
2026-04-21 23:45:05,501 - httpx - INFO - HTTP Request: POST https://www.koreabaseball.com/ws/Schedule.asmx/GetLineUpAnalysis "HTTP/1.1 200 OK"
✅ Preview Extracted: 20260422NCWO0 (Starter: 신민혁 vs 알칸타라) [Lineups: 9 vs 9]
📊 Aggregating pregame context for 20260422HHLG0...
📊 Aggregating pregame context for 20260422OBLT0...
📊 Aggregating pregame context for 20260422SKSS0...
📊 Aggregating pregame context for 20260422HTKT0...
📊 Aggregating pregame context for 20260422NCWO0...
🚚 Syncing game (1 rows)...
[LIVE] 📊 Updated scoreboard snapshot for 20260421HHLG0
   Synced 1/1 rows via COPY...
ℹ️  No records for game_id_aliases
🚚 Syncing game_metadata (1 rows)...
   Synced 1/1 rows via COPY...
ℹ️  No records for game_inning_scores
🚚 Syncing game_lineups (18 rows)...
   Synced 18/18 rows via COPY...
ℹ️  No records for game_batting_stats
ℹ️  No records for game_pitching_stats
ℹ️  No records for game_events
🚚 Syncing game_summary (1 rows)...
   Synced 1/1 rows via COPY...
🚚 Syncing game (1 rows)...
   Synced 1/1 rows via COPY...
ℹ️  No records for game_id_aliases
🚚 Syncing game_metadata (1 rows)...
[LIVE] 📝 Synced 132 relay rows for 20260421OBLT0
   Synced 1/1 rows via COPY...
ℹ️  No records for game_inning_scores
🚚 Syncing game_lineups (18 rows)...
   Synced 18/18 rows via COPY...
ℹ️  No records for game_batting_stats
ℹ️  No records for game_pitching_stats
ℹ️  No records for game_events
🚚 Syncing game_summary (1 rows)...
   Synced 1/1 rows via COPY...
🚚 Syncing game (1 rows)...
   Synced 1/1 rows via COPY...
ℹ️  No records for game_id_aliases
🚚 Syncing game_metadata (1 rows)...
   Synced 1/1 rows via COPY...
ℹ️  No records for game_inning_scores
🚚 Syncing game_lineups (18 rows)...
   Synced 18/18 rows via COPY...
ℹ️  No records for game_batting_stats
ℹ️  No records for game_pitching_stats
ℹ️  No records for game_events
🚚 Syncing game_summary (1 rows)...
📡 Navigating to REVIEW: https://www.koreabaseball.com/Schedule/GameCenter/Main.aspx?gameDate=20260421&gameId=20260421OBLT0&section=REVIEW
   Synced 1/1 rows via COPY...
🚚 Syncing game (1 rows)...
   Synced 1/1 rows via COPY...
ℹ️  No records for game_id_aliases
🚚 Syncing game_metadata (1 rows)...
   Synced 1/1 rows via COPY...
ℹ️  No records for game_inning_scores
🚚 Syncing game_lineups (18 rows)...
   Synced 18/18 rows via COPY...
ℹ️  No records for game_batting_stats
ℹ️  No records for game_pitching_stats
ℹ️  No records for game_events
🚚 Syncing game_summary (1 rows)...
   Synced 1/1 rows via COPY...
🚚 Syncing game (1 rows)...
   Synced 1/1 rows via COPY...
ℹ️  No records for game_id_aliases
🚚 Syncing game_metadata (1 rows)...
   Synced 1/1 rows via COPY...
ℹ️  No records for game_inning_scores
🚚 Syncing game_lineups (18 rows)...
   Synced 18/18 rows via COPY...
ℹ️  No records for game_batting_stats
ℹ️  No records for game_pitching_stats
ℹ️  No records for game_events
🚚 Syncing game_summary (1 rows)...
   Synced 1/1 rows via COPY...
✅ Pregame batch finished. saved=5 manifest=/Users/mac/project/KBO_playwright/data/refresh_manifests/20260421_233020_pregame.json
[LIVE] 📊 Updated scoreboard snapshot for 20260421OBLT0
[LIVE] 📝 Synced 155 relay rows for 20260421SKSS0
📡 Navigating to REVIEW: https://www.koreabaseball.com/Schedule/GameCenter/Main.aspx?gameDate=20260421&gameId=20260421SKSS0&section=REVIEW
[LIVE] 📊 Updated scoreboard snapshot for 20260421SKSS0
[LIVE] 📝 Synced 155 relay rows for 20260421HTKT0
📡 Navigating to REVIEW: https://www.koreabaseball.com/Schedule/GameCenter/Main.aspx?gameDate=20260421&gameId=20260421HTKT0&section=REVIEW
[LIVE] 📊 Updated scoreboard snapshot for 20260421HTKT0
[LIVE] 📝 Synced 115 relay rows for 20260421NCWO0
📡 Navigating to REVIEW: https://www.koreabaseball.com/Schedule/GameCenter/Main.aspx?gameDate=20260421&gameId=20260421NCWO0&section=REVIEW
[LIVE] 📊 Updated scoreboard snapshot for 20260421NCWO0
🚚 Syncing game (1 rows)...
   Synced 1/1 rows via COPY...
ℹ️  No records for game_id_aliases
🚚 Syncing game_metadata (1 rows)...
   Synced 1/1 rows via COPY...
🚚 Syncing game_inning_scores (24 rows)...
   Synced 24/24 rows via COPY...
🚚 Syncing game_lineups (18 rows)...
   Synced 18/18 rows via COPY...
ℹ️  No records for game_batting_stats
ℹ️  No records for game_pitching_stats
✅ Synced 136 game_play_by_play rows to OCI
🚚 Syncing game_events (136 rows)...
   Synced 136/136 rows via COPY...
🚚 Syncing game_summary (1 rows)...
   Synced 1/1 rows via COPY...
[SYNC] ✅ Synced 20260421HHLG0 to OCI.
🚚 Syncing game (1 rows)...
   Synced 1/1 rows via COPY...
ℹ️  No records for game_id_aliases
🚚 Syncing game_metadata (1 rows)...
   Synced 1/1 rows via COPY...
🚚 Syncing game_inning_scores (24 rows)...
   Synced 24/24 rows via COPY...
🚚 Syncing game_lineups (18 rows)...
   Synced 18/18 rows via COPY...
ℹ️  No records for game_batting_stats
ℹ️  No records for game_pitching_stats
✅ Synced 155 game_play_by_play rows to OCI
🚚 Syncing game_events (155 rows)...
   Synced 155/155 rows via COPY...
🚚 Syncing game_summary (1 rows)...
   Synced 1/1 rows via COPY...
[SYNC] ✅ Synced 20260421HTKT0 to OCI.
🚚 Syncing game (1 rows)...
   Synced 1/1 rows via COPY...
ℹ️  No records for game_id_aliases
🚚 Syncing game_metadata (1 rows)...
   Synced 1/1 rows via COPY...
🚚 Syncing game_inning_scores (24 rows)...
   Synced 24/24 rows via COPY...
🚚 Syncing game_lineups (18 rows)...
   Synced 18/18 rows via COPY...
ℹ️  No records for game_batting_stats
ℹ️  No records for game_pitching_stats
✅ Synced 115 game_play_by_play rows to OCI
🚚 Syncing game_events (115 rows)...
   Synced 115/115 rows via COPY...
🚚 Syncing game_summary (1 rows)...
   Synced 1/1 rows via COPY...
[SYNC] ✅ Synced 20260421NCWO0 to OCI.
🚚 Syncing game (1 rows)...
   Synced 1/1 rows via COPY...
ℹ️  No records for game_id_aliases
🚚 Syncing game_metadata (1 rows)...
   Synced 1/1 rows via COPY...
🚚 Syncing game_inning_scores (24 rows)...
   Synced 24/24 rows via COPY...
🚚 Syncing game_lineups (18 rows)...
   Synced 18/18 rows via COPY...
ℹ️  No records for game_batting_stats
ℹ️  No records for game_pitching_stats
✅ Synced 132 game_play_by_play rows to OCI
🚚 Syncing game_events (132 rows)...
   Synced 132/132 rows via COPY...
🚚 Syncing game_summary (1 rows)...
   Synced 1/1 rows via COPY...
[SYNC] ✅ Synced 20260421OBLT0 to OCI.
🚚 Syncing game (1 rows)...
   Synced 1/1 rows via COPY...
ℹ️  No records for game_id_aliases
🚚 Syncing game_metadata (1 rows)...
   Synced 1/1 rows via COPY...
🚚 Syncing game_inning_scores (24 rows)...
   Synced 24/24 rows via COPY...
🚚 Syncing game_lineups (18 rows)...
   Synced 18/18 rows via COPY...
ℹ️  No records for game_batting_stats
ℹ️  No records for game_pitching_stats
✅ Synced 155 game_play_by_play rows to OCI
🚚 Syncing game_events (155 rows)...
   Synced 155/155 rows via COPY...
🚚 Syncing game_summary (1 rows)...
   Synced 1/1 rows via COPY...
[SYNC] ✅ Synced 20260421SKSS0 to OCI.
[INFO] Live cycle finished. updated=5 manifest=/Users/mac/project/KBO_playwright/data/refresh_manifests/20260421_233106_live.json
🚀 Starting Preview Data Batch for 20260421...
🔍 Fetching Pre-game preview data for 20260421...
✅ Preview Extracted: 20260421HHLG0 (Starter: 문동주 vs 송승기) [Lineups: 9 vs 9]
✅ Preview Extracted: 20260421OBLT0 (Starter: 벤자민 vs 나균안) [Lineups: 9 vs 9]
✅ Preview Extracted: 20260421SKSS0 (Starter: 베니지아노 vs 최원태) [Lineups: 9 vs 9]
✅ Preview Extracted: 20260421HTKT0 (Starter: 김태형 vs 오원석) [Lineups: 9 vs 9]
✅ Preview Extracted: 20260421NCWO0 (Starter: 버하겐 vs 오석주) [Lineups: 9 vs 9]
📊 Aggregating pregame context for 20260421HHLG0...
📊 Aggregating pregame context for 20260421OBLT0...
📊 Aggregating pregame context for 20260421SKSS0...
📊 Aggregating pregame context for 20260421HTKT0...
📊 Aggregating pregame context for 20260421NCWO0...
🚚 Syncing game (1 rows)...
   Synced 1/1 rows via COPY...
ℹ️  No records for game_id_aliases
🚚 Syncing game_metadata (1 rows)...
2026-04-21 23:45:20,483 - __main__ - INFO - Running pregame refresh for target_date=20260422
2026-04-21 23:45:20,795 - httpx - INFO - HTTP Request: POST https://www.koreabaseball.com/ws/Main.asmx/GetKboGameList "HTTP/1.1 200 OK"
2026-04-21 23:45:21,844 - httpx - INFO - HTTP Request: POST https://www.koreabaseball.com/ws/Schedule.asmx/GetLineUpAnalysis "HTTP/1.1 200 OK"
2026-04-21 23:45:22,909 - httpx - INFO - HTTP Request: POST https://www.koreabaseball.com/ws/Schedule.asmx/GetLineUpAnalysis "HTTP/1.1 200 OK"
2026-04-21 23:45:23,983 - httpx - INFO - HTTP Request: POST https://www.koreabaseball.com/ws/Schedule.asmx/GetLineUpAnalysis "HTTP/1.1 200 OK"
2026-04-21 23:45:25,079 - httpx - INFO - HTTP Request: POST https://www.koreabaseball.com/ws/Schedule.asmx/GetLineUpAnalysis "HTTP/1.1 200 OK"
2026-04-21 23:45:26,169 - httpx - INFO - HTTP Request: POST https://www.koreabaseball.com/ws/Schedule.asmx/GetLineUpAnalysis "HTTP/1.1 200 OK"
2026-04-21 23:45:34,223 - apscheduler.executors.default - INFO - Job "Pregame Refresh (trigger: cron[hour='10-23', minute='*/15'], next run at: 2026-04-22 10:00:00 KST)" executed successfully
